# JRE version: OpenJDK Runtime Environment (11.0.13) (build 11.0.13+0-b1751.21-8125866)
# Java VM: OpenJDK 64-Bit Server VM (11.0.13+0-b1751.21-8125866, mixed mode, tiered, compressed oops, g1 gc, windows-amd64)
Heap:
 garbage-first heap   total 262144K, used 94118K [0x0000000080000000, 0x0000000100000000)
  region size 1024K, 55 young (56320K), 12 survivors (12288K)
 Metaspace       used 62958K, capacity 64467K, committed 64680K, reserved 1105920K
  class space    used 7897K, capacity 8438K, committed 8556K, reserved 1048576K
GC Heap History (14 events):
Event: 1.045 GC heap before
{Heap before GC invocations=0 (full 0):
 garbage-first heap   total 262144K, used 29696K [0x0000000080000000, 0x0000000100000000)
  region size 1024K, 24 young (24576K), 0 survivors (0K)
 Metaspace       used 9807K, capacity 9988K, committed 10112K, reserved 1058816K
  class space    used 1007K, capacity 1101K, committed 1152K, reserved 1048576K
}
Event: 1.049 GC heap after
{Heap after GC invocations=1 (full 0):
 garbage-first heap   total 262144K, used 9265K [0x0000000080000000, 0x0000000100000000)
  region size 1024K, 3 young (3072K), 3 survivors (3072K)
 Metaspace       used 9807K, capacity 9988K, committed 10112K, reserved 1058816K
  class space    used 1007K, capacity 1101K, committed 1152K, reserved 1048576K
}
Event: 3.507 GC heap before
{Heap before GC invocations=1 (full 0):
 garbage-first heap   total 262144K, used 112689K [0x0000000080000000, 0x0000000100000000)
  region size 1024K, 105 young (107520K), 3 survivors (3072K)
 Metaspace       used 20726K, capacity 21185K, committed 21296K, reserved 1069056K
  class space    used 2525K, capacity 2684K, committed 2688K, reserved 1048576K
}
Event: 3.517 GC heap after
{Heap after GC invocations=2 (full 0):
 garbage-first heap   total 262144K, used 16869K [0x0000000080000000, 0x0000000100000000)
  region size 1024K, 11 young (11264K), 11 survivors (11264K)
 Metaspace       used 20726K, capacity 21185K, committed 21296K, reserved 1069056K
  class space    used 2525K, capacity 2684K, committed 2688K, reserved 1048576K
}
Event: 3.895 GC heap before
{Heap before GC invocations=3 (full 0):
 garbage-first heap   total 262144K, used 42469K [0x0000000080000000, 0x0000000100000000)
  region size 1024K, 36 young (36864K), 11 survivors (11264K)
 Metaspace       used 23124K, capacity 23603K, committed 23804K, reserved 1071104K
  class space    used 2932K, capacity 3134K, committed 3148K, reserved 1048576K
}
Event: 3.903 GC heap after
{Heap after GC invocations=4 (full 0):
 garbage-first heap   total 262144K, used 17960K [0x0000000080000000, 0x0000000100000000)
  region size 1024K, 2 young (2048K), 2 survivors (2048K)
 Metaspace       used 23124K, capacity 23603K, committed 23804K, reserved 1071104K
  class space    used 2932K, capacity 3134K, committed 3148K, reserved 1048576K
}
Event: 5.758 GC heap before
{Heap before GC invocations=4 (full 0):
 garbage-first heap   total 262144K, used 109096K [0x0000000080000000, 0x0000000100000000)
  region size 1024K, 92 young (94208K), 2 survivors (2048K)
 Metaspace       used 35193K, capacity 35978K, committed 36048K, reserved 1081344K
  class space    used 4527K, capacity 4840K, committed 4896K, reserved 1048576K
}
Event: 5.771 GC heap after
{Heap after GC invocations=5 (full 0):
 garbage-first heap   total 262144K, used 22304K [0x0000000080000000, 0x0000000100000000)
  region size 1024K, 6 young (6144K), 6 survivors (6144K)
 Metaspace       used 35193K, capacity 35978K, committed 36048K, reserved 1081344K
  class space    used 4527K, capacity 4840K, committed 4896K, reserved 1048576K
}
Event: 7.699 GC heap before
{Heap before GC invocations=6 (full 0):
 garbage-first heap   total 262144K, used 147232K [0x0000000080000000, 0x0000000100000000)
  region size 1024K, 124 young (126976K), 6 survivors (6144K)
 Metaspace       used 45301K, capacity 46389K, committed 46544K, reserved 1089536K
  class space    used 5749K, capacity 6141K, committed 6176K, reserved 1048576K
}
Event: 7.711 GC heap after
{Heap after GC invocations=7 (full 0):
 garbage-first heap   total 262144K, used 29349K [0x0000000080000000, 0x0000000100000000)
  region size 1024K, 13 young (13312K), 13 survivors (13312K)
 Metaspace       used 45301K, capacity 46389K, committed 46544K, reserved 1089536K
  class space    used 5749K, capacity 6141K, committed 6176K, reserved 1048576K
}
Event: 10.203 GC heap before
{Heap before GC invocations=7 (full 0):
 garbage-first heap   total 262144K, used 168613K [0x0000000080000000, 0x0000000100000000)
  region size 1024K, 145 young (148480K), 13 survivors (13312K)
 Metaspace       used 56147K, capacity 57567K, committed 57808K, reserved 1099776K
  class space    used 7055K, capacity 7618K, committed 7712K, reserved 1048576K
}
Event: 10.222 GC heap after
{Heap after GC invocations=8 (full 0):
 garbage-first heap   total 262144K, used 43397K [0x0000000080000000, 0x0000000100000000)
  region size 1024K, 17 young (17408K), 17 survivors (17408K)
 Metaspace       used 56147K, capacity 57567K, committed 57808K, reserved 1099776K
  class space    used 7055K, capacity 7618K, committed 7712K, reserved 1048576K
}
Event: 10.775 GC heap before
{Heap before GC invocations=8 (full 0):
 garbage-first heap   total 262144K, used 63877K [0x0000000080000000, 0x0000000100000000)
  region size 1024K, 38 young (38912K), 17 survivors (17408K)
 Metaspace       used 59060K, capacity 60404K, committed 60508K, reserved 1101824K
  class space    used 7401K, capacity 7919K, committed 7968K, reserved 1048576K
}
Event: 10.798 GC heap after
{Heap after GC invocations=9 (full 0):
 garbage-first heap   total 262144K, used 44966K [0x0000000080000000, 0x0000000100000000)
  region size 1024K, 12 young (12288K), 12 survivors (12288K)
 Metaspace       used 59060K, capacity 60404K, committed 60508K, reserved 1101824K
  class space    used 7401K, capacity 7919K, committed 7968K, reserved 1048576K
}

